GAS LISTING /tmp/ccH5sem7.s 			page 1


   1              		.file	"main.cpp"
   2              		.option pic
   3              		.option norelax
   4              		.text
   5              	.Ltext0:
   6              		.align	2
   7              		.globl	_Z16userMainExecutorPv
   9              	_Z16userMainExecutorPv:
  10              	.LFB27:
  11              		.file 1 "src/main.cpp"
   1:src/main.cpp  **** //
   2:src/main.cpp  **** // Created by os on 6/4/24.
   3:src/main.cpp  **** //
   4:src/main.cpp  **** 
   5:src/main.cpp  **** 
   6:src/main.cpp  **** #include "../lib/hw.h"
   7:src/main.cpp  **** #include "../lib/console.h"
   8:src/main.cpp  **** #include "../h/riscv.hpp"
   9:src/main.cpp  **** #include "../h/syscall_c.hpp"
  10:src/main.cpp  **** #include "../h/tcb.hpp"
  11:src/main.cpp  **** #include "../h/userMain.hpp"
  12:src/main.cpp  **** 
  13:src/main.cpp  **** extern void userMain();
  14:src/main.cpp  **** 
  15:src/main.cpp  **** volatile bool finished = false;
  16:src/main.cpp  **** 
  17:src/main.cpp  **** void userMainExecutor(void*)
  18:src/main.cpp  **** {
  12              		.loc 1 18 1
  13              		.cfi_startproc
  14 0000 130101FF 		addi	sp,sp,-16
  15              		.cfi_def_cfa_offset 16
  16 0004 23341100 		sd	ra,8(sp)
  17 0008 23308100 		sd	s0,0(sp)
  18              		.cfi_offset 1, -8
  19              		.cfi_offset 8, -16
  20 000c 13040101 		addi	s0,sp,16
  21              		.cfi_def_cfa 8, 0
  19:src/main.cpp  ****     userMain();
  22              		.loc 1 19 5
  23              		.loc 1 19 13 is_stmt 0
  24 0010 97000000 		call	_Z8userMainv@plt
  24      E7800000 
  25              	.LVL0:
  20:src/main.cpp  ****     finished = true;
  26              		.loc 1 20 5 is_stmt 1
  27              		.loc 1 20 14 is_stmt 0
  28 0018 93071000 		li	a5,1
  29 001c 17070000 		sb	a5,.LANCHOR0,a4
  29      2300F700 
  21:src/main.cpp  **** }
  30              		.loc 1 21 1
  31 0024 83308100 		ld	ra,8(sp)
  32              		.cfi_restore 1
  33 0028 03340100 		ld	s0,0(sp)
  34              		.cfi_restore 8
  35              		.cfi_def_cfa 2, 16
GAS LISTING /tmp/ccH5sem7.s 			page 2


  36 002c 13010101 		addi	sp,sp,16
  37              		.cfi_def_cfa_offset 0
  38 0030 67800000 		jr	ra
  39              		.cfi_endproc
  40              	.LFE27:
  42              		.align	2
  43              		.globl	main
  45              	main:
  46              	.LFB28:
  22:src/main.cpp  **** int main() {
  47              		.loc 1 22 12 is_stmt 1
  48              		.cfi_startproc
  49 0034 130101FF 		addi	sp,sp,-16
  50              		.cfi_def_cfa_offset 16
  51 0038 23341100 		sd	ra,8(sp)
  52 003c 23308100 		sd	s0,0(sp)
  53              		.cfi_offset 1, -8
  54              		.cfi_offset 8, -16
  55 0040 13040101 		addi	s0,sp,16
  56              		.cfi_def_cfa 8, 0
  23:src/main.cpp  **** 
  24:src/main.cpp  ****     Riscv::writeSTVEC((uint64)&Riscv::supervisorTrap);
  57              		.loc 1 24 5
  58              		.loc 1 24 22 is_stmt 0
  59 0044 97070000 		la	a5,_ZN5Riscv14supervisorTrapEv
  59      83B70700 
  60              	.LVL1:
  61              	.LBB7:
  62              	.LBB8:
  63              		.file 2 "src/../h/riscv.hpp"
   1:src/../h/riscv.hpp **** //
   2:src/../h/riscv.hpp **** // Created by os on 8/18/24.
   3:src/../h/riscv.hpp **** //
   4:src/../h/riscv.hpp **** 
   5:src/../h/riscv.hpp **** #ifndef PROJECT_BASE_RISCV_HPP
   6:src/../h/riscv.hpp **** #define PROJECT_BASE_RISCV_HPP
   7:src/../h/riscv.hpp **** 
   8:src/../h/riscv.hpp **** #include "../lib/hw.h"
   9:src/../h/riscv.hpp **** 
  10:src/../h/riscv.hpp **** class Riscv {
  11:src/../h/riscv.hpp **** 
  12:src/../h/riscv.hpp **** public:
  13:src/../h/riscv.hpp **** 
  14:src/../h/riscv.hpp ****     static void popSPPSPIE();
  15:src/../h/riscv.hpp **** 
  16:src/../h/riscv.hpp ****     static void pushAllRegs();
  17:src/../h/riscv.hpp ****     static void popAllRegs();
  18:src/../h/riscv.hpp **** 
  19:src/../h/riscv.hpp ****     static uint64 readSCAUSE();
  20:src/../h/riscv.hpp ****     static void writeSCAUSE(uint64 scause);
  21:src/../h/riscv.hpp **** 
  22:src/../h/riscv.hpp ****     static uint64 readSEPC();
  23:src/../h/riscv.hpp ****     static void writeSEPC(uint64 sepc);
  24:src/../h/riscv.hpp **** 
  25:src/../h/riscv.hpp ****     static void writeSTVEC(uint64 stvec);
  26:src/../h/riscv.hpp **** 
  27:src/../h/riscv.hpp ****     static constexpr uint64 SIP_SSIE = (1 << 1);
GAS LISTING /tmp/ccH5sem7.s 			page 3


  28:src/../h/riscv.hpp ****     static constexpr uint64 SIP_STIE = (1 << 5);
  29:src/../h/riscv.hpp ****     static constexpr uint64 SIP_SEIE = (1 << 9);
  30:src/../h/riscv.hpp **** 
  31:src/../h/riscv.hpp ****     static void maskSetSIP(uint64 mask);
  32:src/../h/riscv.hpp ****     static void maskClearSIP(uint64 mask);
  33:src/../h/riscv.hpp ****     static uint64 readSIP ();
  34:src/../h/riscv.hpp ****     static void writeSIP (uint64 sip);
  35:src/../h/riscv.hpp **** 
  36:src/../h/riscv.hpp ****     static constexpr uint64 SSTATUS_SIE = (1 << 1);
  37:src/../h/riscv.hpp ****     static constexpr uint64 SSTATUS_SPIE = (1 << 5);
  38:src/../h/riscv.hpp ****     static constexpr uint64 SSTATUS_SPP = (1 << 8);
  39:src/../h/riscv.hpp **** 
  40:src/../h/riscv.hpp ****     static void maskSetSSTATUS(uint64 mask);
  41:src/../h/riscv.hpp ****     static void maskClearSSTATUS(uint64 mask);
  42:src/../h/riscv.hpp ****     static uint64 readSSTATUS ();
  43:src/../h/riscv.hpp ****     static void writeSSTATUS (uint64 sstatus);
  44:src/../h/riscv.hpp **** 
  45:src/../h/riscv.hpp ****     static void supervisorTrap();
  46:src/../h/riscv.hpp **** 
  47:src/../h/riscv.hpp **** private:
  48:src/../h/riscv.hpp **** 
  49:src/../h/riscv.hpp ****     static void handleSupervisorTrap();
  50:src/../h/riscv.hpp **** };
  51:src/../h/riscv.hpp **** 
  52:src/../h/riscv.hpp **** inline uint64 Riscv::readSCAUSE() {
  53:src/../h/riscv.hpp ****     uint64 volatile scause;
  54:src/../h/riscv.hpp ****     __asm__ volatile ("csrr %[scause], scause" : [scause] "=r"(scause));
  55:src/../h/riscv.hpp ****     return scause;
  56:src/../h/riscv.hpp **** }
  57:src/../h/riscv.hpp **** 
  58:src/../h/riscv.hpp **** inline void Riscv::writeSCAUSE(uint64 scause) {
  59:src/../h/riscv.hpp ****     __asm__ volatile ("csrw scause, %[scause]" : : [scause] "r"(scause));
  60:src/../h/riscv.hpp **** }
  61:src/../h/riscv.hpp **** 
  62:src/../h/riscv.hpp **** inline uint64 Riscv::readSEPC() {
  63:src/../h/riscv.hpp ****     uint64 volatile sepc;
  64:src/../h/riscv.hpp ****     __asm__ volatile ("csrr %[sepc], sepc" : [sepc] "=r"(sepc));
  65:src/../h/riscv.hpp ****     return sepc;
  66:src/../h/riscv.hpp **** }
  67:src/../h/riscv.hpp **** 
  68:src/../h/riscv.hpp **** inline void Riscv::writeSEPC(uint64 sepc) {
  69:src/../h/riscv.hpp ****     __asm__ volatile ("csrw sepc, %[sepc]" : : [sepc] "r"(sepc));
  70:src/../h/riscv.hpp **** }
  71:src/../h/riscv.hpp **** 
  72:src/../h/riscv.hpp **** inline void Riscv::writeSTVEC(uint64 stvec) {
  73:src/../h/riscv.hpp ****     __asm__ volatile ("csrw stvec, %[stvec]" : : [stvec] "r"(stvec));
  64              		.loc 2 73 5 is_stmt 1
  65              		.loc 2 73 69 is_stmt 0
  66              	#APP
  67              	# 73 "src/../h/riscv.hpp" 1
  74              	}
  68              		csrw stvec, a5
  69              	# 0 "" 2
  70              	.LVL2:
  71              	#NO_APP
  72              	.LBE8:
  73              	.LBE7:
GAS LISTING /tmp/ccH5sem7.s 			page 4


  25:src/main.cpp  **** 
  26:src/main.cpp  ****     TCB::running = new TCB(0, 0, 0);
  74              		.loc 1 26 5 is_stmt 1
  75              		.loc 1 26 35 is_stmt 0
  76 0050 13050003 		li	a0,48
  77 0054 97000000 		call	_Znwm@plt
  77      E7800000 
  78              	.LVL3:
  79              	.LBB9:
  80              	.LBB10:
  81              		.file 3 "src/../h/tcb.hpp"
   1:src/../h/tcb.hpp **** //
   2:src/../h/tcb.hpp **** // Created by os on 8/20/24.
   3:src/../h/tcb.hpp **** //
   4:src/../h/tcb.hpp **** 
   5:src/../h/tcb.hpp **** #ifndef PROJECT_BASE_TCB_HPP
   6:src/../h/tcb.hpp **** #define PROJECT_BASE_TCB_HPP
   7:src/../h/tcb.hpp **** 
   8:src/../h/tcb.hpp **** #include "scheduler.hpp"
   9:src/../h/tcb.hpp **** 
  10:src/../h/tcb.hpp **** 
  11:src/../h/tcb.hpp **** class TCB {
  12:src/../h/tcb.hpp **** 
  13:src/../h/tcb.hpp **** public:
  14:src/../h/tcb.hpp **** 
  15:src/../h/tcb.hpp ****     bool getFinished () const { return finished; }
  16:src/../h/tcb.hpp ****     void setFinished (bool val) { finished = val; }
  17:src/../h/tcb.hpp **** 
  18:src/../h/tcb.hpp ****     bool getActive () const { return active; }
  19:src/../h/tcb.hpp ****     void setActive (bool val) { active = val; }
  20:src/../h/tcb.hpp **** 
  21:src/../h/tcb.hpp ****     using Body = void (*)(void*);
  22:src/../h/tcb.hpp **** 
  23:src/../h/tcb.hpp ****     static TCB *createThread (Body body, void* arg, char* stack);
  24:src/../h/tcb.hpp ****     static TCB* running;
  25:src/../h/tcb.hpp **** 
  26:src/../h/tcb.hpp ****     static void threadWrapper();
  27:src/../h/tcb.hpp ****     static void threadExit();
  28:src/../h/tcb.hpp **** 
  29:src/../h/tcb.hpp ****     TCB (Body body, void* arg, char* stack) : body(body), arg(arg), stack(stack),
  30:src/../h/tcb.hpp ****                                               context({stack != nullptr ? (uint64) stack + DEFAULT_
  31:src/../h/tcb.hpp ****                                               active(true), finished(false)
  82              		.loc 3 31 75
  83 005c 23300500 		sd	zero,0(a0)
  84 0060 23340500 		sd	zero,8(a0)
  85 0064 23380500 		sd	zero,16(a0)
  86 0068 233C0500 		sd	zero,24(a0)
  87 006c 97070000 		la	a5,_ZN3TCB13threadWrapperEv
  87      83B70700 
  88 0074 2330F502 		sd	a5,32(a0)
  89 0078 93071000 		li	a5,1
  90 007c 2304F502 		sb	a5,40(a0)
  91 0080 A3040502 		sb	zero,41(a0)
  32:src/../h/tcb.hpp ****     {
  33:src/../h/tcb.hpp ****         if (body != nullptr) {Scheduler::put(this);}
  92              		.loc 3 33 9 is_stmt 1
  93              	.LVL4:
GAS LISTING /tmp/ccH5sem7.s 			page 5


  94              	.LBE10:
  95              	.LBE9:
  96              		.loc 1 26 18 is_stmt 0
  97 0084 97070000 		la	a5,_ZN3TCB7runningE
  97      83B70700 
  98 008c 23B0A700 		sd	a0,0(a5)
  27:src/main.cpp  **** 
  28:src/main.cpp  ****     //thread_t thr;
  29:src/main.cpp  ****     //thread_create(&thr, userMainExecutor, nullptr);
  30:src/main.cpp  **** 
  31:src/main.cpp  **** //    while(!finished) thread_dispatch();
  32:src/main.cpp  **** 
  33:src/main.cpp  ****     userMain();
  99              		.loc 1 33 5 is_stmt 1
 100              		.loc 1 33 13 is_stmt 0
 101 0090 97000000 		call	_Z8userMainv@plt
 101      E7800000 
 102              	.LVL5:
  34:src/main.cpp  **** 
  35:src/main.cpp  ****     *(int*)0x100000 = 0x5555;
 103              		.loc 1 35 5 is_stmt 1
 104              		.loc 1 35 21 is_stmt 0
 105 0098 37071000 		li	a4,1048576
 106 009c B7570000 		li	a5,20480
 107 00a0 9B875755 		addiw	a5,a5,1365
 108 00a4 2320F700 		sw	a5,0(a4)
  36:src/main.cpp  **** 
  37:src/main.cpp  ****     return 0;
 109              		.loc 1 37 5 is_stmt 1
  38:src/main.cpp  **** }...
 110              		.loc 1 38 1 is_stmt 0
 111 00a8 13050000 		li	a0,0
 112 00ac 83308100 		ld	ra,8(sp)
 113              		.cfi_restore 1
 114 00b0 03340100 		ld	s0,0(sp)
 115              		.cfi_restore 8
 116              		.cfi_def_cfa 2, 16
 117 00b4 13010101 		addi	sp,sp,16
 118              		.cfi_def_cfa_offset 0
 119 00b8 67800000 		jr	ra
 120              		.cfi_endproc
 121              	.LFE28:
 123              		.globl	finished
 124              		.bss
 125              		.set	.LANCHOR0,. + 0
 128              	finished:
 129 0000 00       		.zero	1
 130              		.text
 131              	.Letext0:
 132              		.file 4 "src/../lib/hw.h"
 133              		.file 5 "src/../h/list.hpp"
 134              		.file 6 "src/../h/scheduler.hpp"
GAS LISTING /tmp/ccH5sem7.s 			page 6


DEFINED SYMBOLS
                            *ABS*:0000000000000000 main.cpp
     /tmp/ccH5sem7.s:9      .text:0000000000000000 _Z16userMainExecutorPv
     /tmp/ccH5sem7.s:13     .text:0000000000000000 .L0 
     /tmp/ccH5sem7.s:14     .text:0000000000000000 .L0 
     /tmp/ccH5sem7.s:15     .text:0000000000000004 .L0 
     /tmp/ccH5sem7.s:18     .text:000000000000000c .L0 
     /tmp/ccH5sem7.s:19     .text:000000000000000c .L0 
     /tmp/ccH5sem7.s:21     .text:0000000000000010 .L0 
     /tmp/ccH5sem7.s:23     .text:0000000000000010 .L0 
     /tmp/ccH5sem7.s:24     .text:0000000000000010 .L0 
     /tmp/ccH5sem7.s:27     .text:0000000000000018 .L0 
     /tmp/ccH5sem7.s:28     .text:0000000000000018 .L0 
     /tmp/ccH5sem7.s:31     .text:0000000000000024 .L0 
     /tmp/ccH5sem7.s:32     .text:0000000000000028 .L0 
     /tmp/ccH5sem7.s:34     .text:000000000000002c .L0 
     /tmp/ccH5sem7.s:35     .text:000000000000002c .L0 
     /tmp/ccH5sem7.s:37     .text:0000000000000030 .L0 
     /tmp/ccH5sem7.s:39     .text:0000000000000034 .L0 
     /tmp/ccH5sem7.s:45     .text:0000000000000034 main
     /tmp/ccH5sem7.s:48     .text:0000000000000034 .L0 
     /tmp/ccH5sem7.s:49     .text:0000000000000034 .L0 
     /tmp/ccH5sem7.s:50     .text:0000000000000038 .L0 
     /tmp/ccH5sem7.s:53     .text:0000000000000040 .L0 
     /tmp/ccH5sem7.s:54     .text:0000000000000040 .L0 
     /tmp/ccH5sem7.s:56     .text:0000000000000044 .L0 
     /tmp/ccH5sem7.s:58     .text:0000000000000044 .L0 
     /tmp/ccH5sem7.s:59     .text:0000000000000044 .L0 
     /tmp/ccH5sem7.s:65     .text:000000000000004c .L0 
  src/../h/riscv.hpp:73     .text:000000000000004c .L0 
     /tmp/ccH5sem7.s:75     .text:0000000000000050 .L0 
     /tmp/ccH5sem7.s:76     .text:0000000000000050 .L0 
     /tmp/ccH5sem7.s:83     .text:000000000000005c .L0 
     /tmp/ccH5sem7.s:96     .text:0000000000000084 .L0 
     /tmp/ccH5sem7.s:97     .text:0000000000000084 .L0 
     /tmp/ccH5sem7.s:100    .text:0000000000000090 .L0 
     /tmp/ccH5sem7.s:101    .text:0000000000000090 .L0 
     /tmp/ccH5sem7.s:104    .text:0000000000000098 .L0 
     /tmp/ccH5sem7.s:105    .text:0000000000000098 .L0 
     /tmp/ccH5sem7.s:110    .text:00000000000000a8 .L0 
     /tmp/ccH5sem7.s:111    .text:00000000000000a8 .L0 
     /tmp/ccH5sem7.s:113    .text:00000000000000b0 .L0 
     /tmp/ccH5sem7.s:115    .text:00000000000000b4 .L0 
     /tmp/ccH5sem7.s:116    .text:00000000000000b4 .L0 
     /tmp/ccH5sem7.s:118    .text:00000000000000b8 .L0 
     /tmp/ccH5sem7.s:120    .text:00000000000000bc .L0 
     /tmp/ccH5sem7.s:128    .bss:0000000000000000 finished
     /tmp/ccH5sem7.s:125    .bss:0000000000000000 .LANCHOR0
     /tmp/ccH5sem7.s:135    .text:00000000000000bc .L0 
     /tmp/ccH5sem7.s:29     .text:000000000000001c .L0 
     /tmp/ccH5sem7.s:59     .text:0000000000000044 .L0 
     /tmp/ccH5sem7.s:87     .text:000000000000006c .L0 
     /tmp/ccH5sem7.s:97     .text:0000000000000084 .L0 
     /tmp/ccH5sem7.s:1028   .debug_abbrev:0000000000000000 .Ldebug_abbrev0
     /tmp/ccH5sem7.s:2199   .debug_str:00000000000005c6 .LASF102
     /tmp/ccH5sem7.s:2103   .debug_str:000000000000032e .LASF103
     /tmp/ccH5sem7.s:2063   .debug_str:00000000000001cf .LASF104
GAS LISTING /tmp/ccH5sem7.s 			page 7


     /tmp/ccH5sem7.s:5      .text:0000000000000000 .Ltext0
     /tmp/ccH5sem7.s:131    .text:00000000000000bc .Letext0
     /tmp/ccH5sem7.s:1995   .debug_line:0000000000000000 .Ldebug_line0
     /tmp/ccH5sem7.s:2135   .debug_str:0000000000000423 .LASF0
     /tmp/ccH5sem7.s:2145   .debug_str:0000000000000458 .LASF1
     /tmp/ccH5sem7.s:2121   .debug_str:00000000000003a2 .LASF2
     /tmp/ccH5sem7.s:2087   .debug_str:00000000000002a7 .LASF4
     /tmp/ccH5sem7.s:2185   .debug_str:0000000000000542 .LASF3
     /tmp/ccH5sem7.s:2015   .debug_str:0000000000000090 .LASF5
     /tmp/ccH5sem7.s:2149   .debug_str:0000000000000477 .LASF6
     /tmp/ccH5sem7.s:2133   .debug_str:0000000000000410 .LASF7
     /tmp/ccH5sem7.s:2213   .debug_str:0000000000000701 .LASF8
     /tmp/ccH5sem7.s:2069   .debug_str:00000000000001fa .LASF9
     /tmp/ccH5sem7.s:2165   .debug_str:00000000000004ca .LASF10
     /tmp/ccH5sem7.s:2203   .debug_str:000000000000069e .LASF11
     /tmp/ccH5sem7.s:2019   .debug_str:00000000000000a3 .LASF12
     /tmp/ccH5sem7.s:2003   .debug_str:0000000000000038 .LASF13
     /tmp/ccH5sem7.s:2029   .debug_str:00000000000000fd .LASF14
     /tmp/ccH5sem7.s:2179   .debug_str:0000000000000518 .LASF15
     /tmp/ccH5sem7.s:2043   .debug_str:000000000000013c .LASF16
     /tmp/ccH5sem7.s:2141   .debug_str:0000000000000443 .LASF57
     /tmp/ccH5sem7.s:2183   .debug_str:0000000000000537 .LASF17
     /tmp/ccH5sem7.s:2191   .debug_str:000000000000057b .LASF19
     /tmp/ccH5sem7.s:2147   .debug_str:000000000000046b .LASF18
     /tmp/ccH5sem7.s:2005   .debug_str:0000000000000048 .LASF20
     /tmp/ccH5sem7.s:2021   .debug_str:00000000000000b3 .LASF21
     /tmp/ccH5sem7.s:2189   .debug_str:0000000000000563 .LASF22
     /tmp/ccH5sem7.s:2077   .debug_str:000000000000024f .LASF23
     /tmp/ccH5sem7.s:2073   .debug_str:000000000000021e .LASF25
     /tmp/ccH5sem7.s:2049   .debug_str:0000000000000175 .LASF27
     /tmp/ccH5sem7.s:2027   .debug_str:00000000000000e4 .LASF29
     /tmp/ccH5sem7.s:2173   .debug_str:00000000000004f2 .LASF24
     /tmp/ccH5sem7.s:2233   .debug_str:00000000000007a9 .LASF26
     /tmp/ccH5sem7.s:2195   .debug_str:00000000000005a7 .LASF28
     /tmp/ccH5sem7.s:2215   .debug_str:0000000000000711 .LASF30
     /tmp/ccH5sem7.s:2137   .debug_str:0000000000000430 .LASF31
     /tmp/ccH5sem7.s:2177   .debug_str:0000000000000500 .LASF32
     /tmp/ccH5sem7.s:2181   .debug_str:000000000000052e .LASF33
     /tmp/ccH5sem7.s:2151   .debug_str:000000000000048a .LASF34
     /tmp/ccH5sem7.s:2079   .debug_str:000000000000025a .LASF35
     /tmp/ccH5sem7.s:2167   .debug_str:00000000000004d9 .LASF36
     /tmp/ccH5sem7.s:2131   .debug_str:00000000000003f8 .LASF37
     /tmp/ccH5sem7.s:2207   .debug_str:00000000000006c7 .LASF38
     /tmp/ccH5sem7.s:2205   .debug_str:00000000000006ad .LASF39
     /tmp/ccH5sem7.s:2067   .debug_str:00000000000001f2 .LASF40
     /tmp/ccH5sem7.s:2061   .debug_str:00000000000001bb .LASF41
     /tmp/ccH5sem7.s:2053   .debug_str:000000000000018e .LASF42
     /tmp/ccH5sem7.s:2197   .debug_str:00000000000005b1 .LASF43
     /tmp/ccH5sem7.s:2039   .debug_str:0000000000000127 .LASF44
     /tmp/ccH5sem7.s:2107   .debug_str:0000000000000357 .LASF45
     /tmp/ccH5sem7.s:2017   .debug_str:0000000000000097 .LASF46
     /tmp/ccH5sem7.s:2143   .debug_str:0000000000000449 .LASF47
     /tmp/ccH5sem7.s:2105   .debug_str:000000000000033b .LASF48
     /tmp/ccH5sem7.s:2153   .debug_str:0000000000000493 .LASF49
     /tmp/ccH5sem7.s:2047   .debug_str:0000000000000157 .LASF50
     /tmp/ccH5sem7.s:2023   .debug_str:00000000000000be .LASF51
     /tmp/ccH5sem7.s:2089   .debug_str:00000000000002ae .LASF52
GAS LISTING /tmp/ccH5sem7.s 			page 8


     /tmp/ccH5sem7.s:2229   .debug_str:0000000000000785 .LASF53
     /tmp/ccH5sem7.s:2025   .debug_str:00000000000000ca .LASF54
     /tmp/ccH5sem7.s:2187   .debug_str:0000000000000554 .LASF55
     /tmp/ccH5sem7.s:2223   .debug_str:0000000000000755 .LASF56
     /tmp/ccH5sem7.s:2211   .debug_str:00000000000006ec .LASF105
     /tmp/ccH5sem7.s:2101   .debug_str:000000000000030c .LASF106
     /tmp/ccH5sem7.s:2085   .debug_str:00000000000002a2 .LASF58
     /tmp/ccH5sem7.s:2093   .debug_str:00000000000002dd .LASF107
     /tmp/ccH5sem7.s:2175   .debug_str:00000000000004fb .LASF59
     /tmp/ccH5sem7.s:2129   .debug_str:00000000000003f3 .LASF60
     /tmp/ccH5sem7.s:2115   .debug_str:000000000000037e .LASF80
     /tmp/ccH5sem7.s:2045   .debug_str:0000000000000152 .LASF94
     /tmp/ccH5sem7.s:2051   .debug_str:0000000000000181 .LASF62
     /tmp/ccH5sem7.s:2031   .debug_str:0000000000000109 .LASF61
     /tmp/ccH5sem7.s:2097   .debug_str:00000000000002e7 .LASF63
     /tmp/ccH5sem7.s:2033   .debug_str:0000000000000112 .LASF64
     /tmp/ccH5sem7.s:2231   .debug_str:0000000000000792 .LASF65
     /tmp/ccH5sem7.s:2041   .debug_str:0000000000000133 .LASF68
     /tmp/ccH5sem7.s:2193   .debug_str:0000000000000593 .LASF70
     /tmp/ccH5sem7.s:2221   .debug_str:000000000000074b .LASF66
     /tmp/ccH5sem7.s:2127   .debug_str:00000000000003de .LASF67
     /tmp/ccH5sem7.s:2009   .debug_str:000000000000006b .LASF108
     /tmp/ccH5sem7.s:2159   .debug_str:00000000000004af .LASF69
     /tmp/ccH5sem7.s:2209   .debug_str:00000000000006d4 .LASF71
     /tmp/ccH5sem7.s:2123   .debug_str:00000000000003b0 .LASF72
     /tmp/ccH5sem7.s:2081   .debug_str:0000000000000263 .LASF73
     /tmp/ccH5sem7.s:2007   .debug_str:0000000000000061 .LASF74
     /tmp/ccH5sem7.s:2117   .debug_str:0000000000000383 .LASF75
     /tmp/ccH5sem7.s:2119   .debug_str:0000000000000398 .LASF76
     /tmp/ccH5sem7.s:2201   .debug_str:000000000000068a .LASF77
     /tmp/ccH5sem7.s:1999   .debug_str:0000000000000014 .LASF78
     /tmp/ccH5sem7.s:2125   .debug_str:00000000000003bc .LASF79
     /tmp/ccH5sem7.s:2065   .debug_str:00000000000001ed .LASF81
     /tmp/ccH5sem7.s:2057   .debug_str:00000000000001a0 .LASF109
     /tmp/ccH5sem7.s:2109   .debug_str:0000000000000364 .LASF82
     /tmp/ccH5sem7.s:2075   .debug_str:0000000000000236 .LASF83
     /tmp/ccH5sem7.s:2225   .debug_str:0000000000000771 .LASF84
     /tmp/ccH5sem7.s:2071   .debug_str:0000000000000208 .LASF85
     /tmp/ccH5sem7.s:2219   .debug_str:0000000000000735 .LASF110
     /tmp/ccH5sem7.s:2227   .debug_str:000000000000077c .LASF86
     /tmp/ccH5sem7.s:2059   .debug_str:00000000000001a8 .LASF87
     /tmp/ccH5sem7.s:2095   .debug_str:00000000000002e2 .LASF88
     /tmp/ccH5sem7.s:2035   .debug_str:000000000000011a .LASF89
     /tmp/ccH5sem7.s:2139   .debug_str:000000000000043b .LASF90
     /tmp/ccH5sem7.s:2037   .debug_str:0000000000000120 .LASF91
     /tmp/ccH5sem7.s:2171   .debug_str:00000000000004e9 .LASF92
     /tmp/ccH5sem7.s:2217   .debug_str:0000000000000727 .LASF111
     /tmp/ccH5sem7.s:2083   .debug_str:000000000000027a .LASF112
     /tmp/ccH5sem7.s:2163   .debug_str:00000000000004c0 .LASF93
     /tmp/ccH5sem7.s:1997   .debug_str:0000000000000000 .LASF113
     /tmp/ccH5sem7.s:2013   .debug_str:0000000000000078 .LASF114
     /tmp/ccH5sem7.s:2111   .debug_str:0000000000000372 .LASF95
     /tmp/ccH5sem7.s:2011   .debug_str:0000000000000073 .LASF96
     /tmp/ccH5sem7.s:2155   .debug_str:00000000000004a4 .LASF97
     /tmp/ccH5sem7.s:2161   .debug_str:00000000000004bb .LASF98
     /tmp/ccH5sem7.s:46     .text:0000000000000034 .LFB28
     /tmp/ccH5sem7.s:121    .text:00000000000000bc .LFE28
GAS LISTING /tmp/ccH5sem7.s 			page 9


     /tmp/ccH5sem7.s:61     .text:000000000000004c .LBB7
     /tmp/ccH5sem7.s:73     .text:0000000000000050 .LBE7
     /tmp/ccH5sem7.s:79     .text:000000000000005c .LBB9
     /tmp/ccH5sem7.s:95     .text:0000000000000084 .LBE9
     /tmp/ccH5sem7.s:1967   .debug_loc:0000000000000000 .LLST0
     /tmp/ccH5sem7.s:1975   .debug_loc:0000000000000024 .LLST3
     /tmp/ccH5sem7.s:78     .text:000000000000005c .LVL3
     /tmp/ccH5sem7.s:102    .text:0000000000000098 .LVL5
     /tmp/ccH5sem7.s:2235   .debug_str:00000000000007be .LASF99
     /tmp/ccH5sem7.s:2001   .debug_str:0000000000000021 .LASF100
     /tmp/ccH5sem7.s:10     .text:0000000000000000 .LFB27
     /tmp/ccH5sem7.s:40     .text:0000000000000034 .LFE27
     /tmp/ccH5sem7.s:25     .text:0000000000000018 .LVL0
     /tmp/ccH5sem7.s:2169   .debug_str:00000000000004e4 .LASF115
     /tmp/ccH5sem7.s:2091   .debug_str:00000000000002c7 .LASF116
     /tmp/ccH5sem7.s:2157   .debug_str:00000000000004a9 .LASF101
     /tmp/ccH5sem7.s:2113   .debug_str:0000000000000378 .LASF117
     /tmp/ccH5sem7.s:2237   .debug_str:00000000000007cf .LASF118
     /tmp/ccH5sem7.s:2099   .debug_str:00000000000002ff .LASF119
     /tmp/ccH5sem7.s:2055   .debug_str:0000000000000197 .LASF120
     /tmp/ccH5sem7.s:93     .text:0000000000000084 .LVL4
     /tmp/ccH5sem7.s:136    .debug_info:0000000000000000 .Ldebug_info0

UNDEFINED SYMBOLS
_Z8userMainv
_ZN5Riscv14supervisorTrapEv
_Znwm
_ZN3TCB13threadWrapperEv
_ZN3TCB7runningE
